2025-10-14 21:17:05 | INFO     | root | ======================================================================
2025-10-14 21:17:05 | INFO     | root | Run started: 2025-10-14 21:17:05
2025-10-14 21:17:05 | INFO     | root | Working directory: /home/marko/PROJECTS/SMEHEC/smehec
2025-10-14 21:17:05 | INFO     | root | Python: 3.12.2 (/home/marko/anaconda3/bin/python3)
2025-10-14 21:17:05 | INFO     | root | System: Linux 6.14.0-111032-tuxedo (x86_64)
2025-10-14 21:17:05 | INFO     | root | CPU count: 32
2025-10-14 21:17:05 | INFO     | root | Input parameters:
2025-10-14 21:17:05 | INFO     | root |   charmm_dir          : /home/marko/PROJECTS/SMEHEC/smehec/charmm_program/charmm/bin/charmm
2025-10-14 21:17:05 | INFO     | root |   pdb                 : 1brs.pdb
2025-10-14 21:17:05 | INFO     | root |   protein_chains      : C
2025-10-14 21:17:05 | INFO     | root |   partner_chains      : F
2025-10-14 21:17:05 | INFO     | root |   mutations           : ARGC59 GLUC60
2025-10-14 21:17:05 | INFO     | root |   cutoff              : 3.0
2025-10-14 21:17:05 | INFO     | root |   abnr                : 10
2025-10-14 21:17:05 | INFO     | root |   cgenff              : None
2025-10-14 21:17:05 | INFO     | root |   threads             : 1
2025-10-14 21:17:05 | INFO     | root |   method              : both
2025-10-14 21:17:05 | INFO     | root |   skip_ligprep        : False
2025-10-14 21:17:05 | INFO     | root |   skip_heatmap        : False
2025-10-14 21:17:05 | INFO     | root |   skip_cleanup        : False
2025-10-14 21:17:05 | INFO     | root |   start_at            : prep
2025-10-14 21:17:05 | INFO     | root |   stop_after          : done
2025-10-14 21:17:05 | INFO     | root |   logfile             : runs/1brs_cli2.log
2025-10-14 21:17:05 | INFO     | root |   verbose             : 1
2025-10-14 21:17:05 | INFO     | root | ======================================================================
2025-10-14 21:17:05 | INFO     | STDOUT |     **************************************************************************************
2025-10-14 21:17:05 | INFO     | STDOUT |        /‾\   IIME: In silico Interface Mutagenesis Experiment tool
2025-10-14 21:17:05 | INFO     | STDOUT |       | O |  Developed by M. Jukič, S. Kralj
2025-10-14 21:17:05 | INFO     | STDOUT |        \_/   UM FKKT- Laboratory for Physical Chemistry and Chemical Thermodynamics
2025-10-14 21:17:05 | INFO     | STDOUT |              UP FAMNIT- Jukič Laboratory for Cheminformatics
2025-10-14 21:17:05 | INFO     | STDOUT |     **************************************************************************************
2025-10-14 21:17:08 | INFO     | root | 2 mutations remain after terminal filtering (in-memory).
2025-10-14 21:17:08 | INFO     | root | No CGENFF file (skipping ligand preparation).
2025-10-14 21:17:08 | WARNING  | py.warnings | /home/marko/anaconda3/lib/python3.12/site-packages/Bio/PDB/PDBParser.py:384: PDBConstructionWarning: Ignoring unrecognized record 'END' at line 1542
  warnings.warn(

2025-10-14 21:18:23 | ERROR    | FATAL | Uncaught exception
Traceback (most recent call last):
  File "/home/marko/anaconda3/lib/python3.12/subprocess.py", line 1264, in wait
    return self._wait(timeout=timeout)
           ^^^^^^^^^^^^^^^^^^^^^^^^^^^
  File "/home/marko/anaconda3/lib/python3.12/subprocess.py", line 2051, in _wait
    (pid, sts) = self._try_wait(0)
                 ^^^^^^^^^^^^^^^^^
  File "/home/marko/anaconda3/lib/python3.12/subprocess.py", line 2009, in _try_wait
    (pid, sts) = os.waitpid(self.pid, wait_flags)
                 ^^^^^^^^^^^^^^^^^^^^^^^^^^^^^^^^
KeyboardInterrupt

During handling of the above exception, another exception occurred:

Traceback (most recent call last):
  File "/home/marko/PROJECTS/SMEHEC/smehec/IIME.py", line 338, in <module>
  File "/home/marko/PROJECTS/SMEHEC/smehec/IIME.py", line 321, in main
    # ===== STEP3 =====
            ^^^^^^^^^^^^
  File "/home/marko/PROJECTS/SMEHEC/smehec/IIME.py", line 189, in do_step3_inte
    s3.create_step3_inte_input(); s3.run_step3()
                                  ^^^^^^^^^^^^^^
  File "/home/marko/PROJECTS/SMEHEC/smehec/scripts/step3_inte.py", line 210, in run_step3
    result = subprocess.run(command, shell=True, check=True, stdout=subprocess.DEVNULL, stderr=subprocess.DEVNULL)
             ^^^^^^^^^^^^^^^^^^^^^^^^^^^^^^^^^^^^^^^^^^^^^^^^^^^^^^^^^^^^^^^^^^^^^^^^^^^^^^^^^^^^^^^^^^^^^^^^^^^^^
  File "/home/marko/anaconda3/lib/python3.12/subprocess.py", line 550, in run
    stdout, stderr = process.communicate(input, timeout=timeout)
                     ^^^^^^^^^^^^^^^^^^^^^^^^^^^^^^^^^^^^^^^^^^^
  File "/home/marko/anaconda3/lib/python3.12/subprocess.py", line 1201, in communicate
    self.wait()
  File "/home/marko/anaconda3/lib/python3.12/subprocess.py", line 1277, in wait
    self._wait(timeout=sigint_timeout)
  File "/home/marko/anaconda3/lib/python3.12/subprocess.py", line 2045, in _wait
    time.sleep(delay)
KeyboardInterrupt
2025-10-14 21:18:23 | ERROR    | STDERR | Traceback (most recent call last):
2025-10-14 21:18:23 | ERROR    | STDERR |   File "/home/marko/anaconda3/lib/python3.12/subprocess.py", line 1264, in wait
2025-10-14 21:18:23 | ERROR    | STDERR | return self._wait(timeout=timeout)
2025-10-14 21:18:23 | ERROR    | STDERR | ^
2025-10-14 21:18:23 | ERROR    | STDERR | ^
2025-10-14 21:18:23 | ERROR    | STDERR | ^
2025-10-14 21:18:23 | ERROR    | STDERR | ^
2025-10-14 21:18:23 | ERROR    | STDERR | ^
2025-10-14 21:18:23 | ERROR    | STDERR | ^
2025-10-14 21:18:23 | ERROR    | STDERR | ^
2025-10-14 21:18:23 | ERROR    | STDERR | ^
2025-10-14 21:18:23 | ERROR    | STDERR | ^
2025-10-14 21:18:23 | ERROR    | STDERR | ^
2025-10-14 21:18:23 | ERROR    | STDERR | ^
2025-10-14 21:18:23 | ERROR    | STDERR | ^
2025-10-14 21:18:23 | ERROR    | STDERR | ^
2025-10-14 21:18:23 | ERROR    | STDERR | ^
2025-10-14 21:18:23 | ERROR    | STDERR | ^
2025-10-14 21:18:23 | ERROR    | STDERR | ^
2025-10-14 21:18:23 | ERROR    | STDERR | ^
2025-10-14 21:18:23 | ERROR    | STDERR | ^
2025-10-14 21:18:23 | ERROR    | STDERR | ^
2025-10-14 21:18:23 | ERROR    | STDERR | ^
2025-10-14 21:18:23 | ERROR    | STDERR | ^
2025-10-14 21:18:23 | ERROR    | STDERR | ^
2025-10-14 21:18:23 | ERROR    | STDERR | ^
2025-10-14 21:18:23 | ERROR    | STDERR | ^
2025-10-14 21:18:23 | ERROR    | STDERR | ^
2025-10-14 21:18:23 | ERROR    | STDERR | ^
2025-10-14 21:18:23 | ERROR    | STDERR | ^
2025-10-14 21:18:23 | ERROR    | STDERR |   File "/home/marko/anaconda3/lib/python3.12/subprocess.py", line 2051, in _wait
2025-10-14 21:18:23 | ERROR    | STDERR | (pid, sts) = self._try_wait(0)
2025-10-14 21:18:23 | ERROR    | STDERR | ^
2025-10-14 21:18:23 | ERROR    | STDERR | ^
2025-10-14 21:18:23 | ERROR    | STDERR | ^
2025-10-14 21:18:23 | ERROR    | STDERR | ^
2025-10-14 21:18:23 | ERROR    | STDERR | ^
2025-10-14 21:18:23 | ERROR    | STDERR | ^
2025-10-14 21:18:23 | ERROR    | STDERR | ^
2025-10-14 21:18:23 | ERROR    | STDERR | ^
2025-10-14 21:18:23 | ERROR    | STDERR | ^
2025-10-14 21:18:23 | ERROR    | STDERR | ^
2025-10-14 21:18:23 | ERROR    | STDERR | ^
2025-10-14 21:18:23 | ERROR    | STDERR | ^
2025-10-14 21:18:23 | ERROR    | STDERR | ^
2025-10-14 21:18:23 | ERROR    | STDERR | ^
2025-10-14 21:18:23 | ERROR    | STDERR | ^
2025-10-14 21:18:23 | ERROR    | STDERR | ^
2025-10-14 21:18:23 | ERROR    | STDERR | ^
2025-10-14 21:18:23 | ERROR    | STDERR |   File "/home/marko/anaconda3/lib/python3.12/subprocess.py", line 2009, in _try_wait
2025-10-14 21:18:23 | ERROR    | STDERR | (pid, sts) = os.waitpid(self.pid, wait_flags)
2025-10-14 21:18:23 | ERROR    | STDERR | ^
2025-10-14 21:18:23 | ERROR    | STDERR | ^
2025-10-14 21:18:23 | ERROR    | STDERR | ^
2025-10-14 21:18:23 | ERROR    | STDERR | ^
2025-10-14 21:18:23 | ERROR    | STDERR | ^
2025-10-14 21:18:23 | ERROR    | STDERR | ^
2025-10-14 21:18:23 | ERROR    | STDERR | ^
2025-10-14 21:18:23 | ERROR    | STDERR | ^
2025-10-14 21:18:23 | ERROR    | STDERR | ^
2025-10-14 21:18:23 | ERROR    | STDERR | ^
2025-10-14 21:18:23 | ERROR    | STDERR | ^
2025-10-14 21:18:23 | ERROR    | STDERR | ^
2025-10-14 21:18:23 | ERROR    | STDERR | ^
2025-10-14 21:18:23 | ERROR    | STDERR | ^
2025-10-14 21:18:23 | ERROR    | STDERR | ^
2025-10-14 21:18:23 | ERROR    | STDERR | ^
2025-10-14 21:18:23 | ERROR    | STDERR | ^
2025-10-14 21:18:23 | ERROR    | STDERR | ^
2025-10-14 21:18:23 | ERROR    | STDERR | ^
2025-10-14 21:18:23 | ERROR    | STDERR | ^
2025-10-14 21:18:23 | ERROR    | STDERR | ^
2025-10-14 21:18:23 | ERROR    | STDERR | ^
2025-10-14 21:18:23 | ERROR    | STDERR | ^
2025-10-14 21:18:23 | ERROR    | STDERR | ^
2025-10-14 21:18:23 | ERROR    | STDERR | ^
2025-10-14 21:18:23 | ERROR    | STDERR | ^
2025-10-14 21:18:23 | ERROR    | STDERR | ^
2025-10-14 21:18:23 | ERROR    | STDERR | ^
2025-10-14 21:18:23 | ERROR    | STDERR | ^
2025-10-14 21:18:23 | ERROR    | STDERR | ^
2025-10-14 21:18:23 | ERROR    | STDERR | ^
2025-10-14 21:18:23 | ERROR    | STDERR | ^
2025-10-14 21:18:23 | ERROR    | STDERR | KeyboardInterrupt
2025-10-14 21:18:23 | ERROR    | STDERR | During handling of the above exception, another exception occurred:
2025-10-14 21:18:23 | ERROR    | STDERR | Traceback (most recent call last):
2025-10-14 21:18:23 | ERROR    | STDERR |   File "/home/marko/PROJECTS/SMEHEC/smehec/IIME.py", line 338, in <module>
2025-10-14 21:18:23 | ERROR    | STDERR |   File "/home/marko/PROJECTS/SMEHEC/smehec/IIME.py", line 321, in main
2025-10-14 21:18:23 | ERROR    | STDERR | # ===== STEP3 =====
2025-10-14 21:18:23 | ERROR    | STDERR | ^
2025-10-14 21:18:23 | ERROR    | STDERR | ^
2025-10-14 21:18:23 | ERROR    | STDERR | ^
2025-10-14 21:18:23 | ERROR    | STDERR | ^
2025-10-14 21:18:23 | ERROR    | STDERR | ^
2025-10-14 21:18:23 | ERROR    | STDERR | ^
2025-10-14 21:18:23 | ERROR    | STDERR | ^
2025-10-14 21:18:23 | ERROR    | STDERR | ^
2025-10-14 21:18:23 | ERROR    | STDERR | ^
2025-10-14 21:18:23 | ERROR    | STDERR | ^
2025-10-14 21:18:23 | ERROR    | STDERR | ^
2025-10-14 21:18:23 | ERROR    | STDERR | ^
2025-10-14 21:18:23 | ERROR    | STDERR |   File "/home/marko/PROJECTS/SMEHEC/smehec/IIME.py", line 189, in do_step3_inte
2025-10-14 21:18:23 | ERROR    | STDERR | s3.create_step3_inte_input(); s3.run_step3()
2025-10-14 21:18:23 | ERROR    | STDERR | ^
2025-10-14 21:18:23 | ERROR    | STDERR | ^
2025-10-14 21:18:23 | ERROR    | STDERR | ^
2025-10-14 21:18:23 | ERROR    | STDERR | ^
2025-10-14 21:18:23 | ERROR    | STDERR | ^
2025-10-14 21:18:23 | ERROR    | STDERR | ^
2025-10-14 21:18:23 | ERROR    | STDERR | ^
2025-10-14 21:18:23 | ERROR    | STDERR | ^
2025-10-14 21:18:23 | ERROR    | STDERR | ^
2025-10-14 21:18:23 | ERROR    | STDERR | ^
2025-10-14 21:18:23 | ERROR    | STDERR | ^
2025-10-14 21:18:23 | ERROR    | STDERR | ^
2025-10-14 21:18:23 | ERROR    | STDERR | ^
2025-10-14 21:18:23 | ERROR    | STDERR | ^
2025-10-14 21:18:23 | ERROR    | STDERR |   File "/home/marko/PROJECTS/SMEHEC/smehec/scripts/step3_inte.py", line 210, in run_step3
2025-10-14 21:18:23 | ERROR    | STDERR | result = subprocess.run(command, shell=True, check=True, stdout=subprocess.DEVNULL, stderr=subprocess.DEVNULL)
2025-10-14 21:18:23 | ERROR    | STDERR | ^
2025-10-14 21:18:23 | ERROR    | STDERR | ^
2025-10-14 21:18:23 | ERROR    | STDERR | ^
2025-10-14 21:18:23 | ERROR    | STDERR | ^
2025-10-14 21:18:23 | ERROR    | STDERR | ^
2025-10-14 21:18:23 | ERROR    | STDERR | ^
2025-10-14 21:18:23 | ERROR    | STDERR | ^
2025-10-14 21:18:23 | ERROR    | STDERR | ^
2025-10-14 21:18:23 | ERROR    | STDERR | ^
2025-10-14 21:18:23 | ERROR    | STDERR | ^
2025-10-14 21:18:23 | ERROR    | STDERR | ^
2025-10-14 21:18:23 | ERROR    | STDERR | ^
2025-10-14 21:18:23 | ERROR    | STDERR | ^
2025-10-14 21:18:23 | ERROR    | STDERR | ^
2025-10-14 21:18:23 | ERROR    | STDERR | ^
2025-10-14 21:18:23 | ERROR    | STDERR | ^
2025-10-14 21:18:23 | ERROR    | STDERR | ^
2025-10-14 21:18:23 | ERROR    | STDERR | ^
2025-10-14 21:18:23 | ERROR    | STDERR | ^
2025-10-14 21:18:23 | ERROR    | STDERR | ^
2025-10-14 21:18:23 | ERROR    | STDERR | ^
2025-10-14 21:18:23 | ERROR    | STDERR | ^
2025-10-14 21:18:23 | ERROR    | STDERR | ^
2025-10-14 21:18:23 | ERROR    | STDERR | ^
2025-10-14 21:18:23 | ERROR    | STDERR | ^
2025-10-14 21:18:23 | ERROR    | STDERR | ^
2025-10-14 21:18:23 | ERROR    | STDERR | ^
2025-10-14 21:18:23 | ERROR    | STDERR | ^
2025-10-14 21:18:23 | ERROR    | STDERR | ^
2025-10-14 21:18:23 | ERROR    | STDERR | ^
2025-10-14 21:18:23 | ERROR    | STDERR | ^
2025-10-14 21:18:23 | ERROR    | STDERR | ^
2025-10-14 21:18:23 | ERROR    | STDERR | ^
2025-10-14 21:18:23 | ERROR    | STDERR | ^
2025-10-14 21:18:23 | ERROR    | STDERR | ^
2025-10-14 21:18:23 | ERROR    | STDERR | ^
2025-10-14 21:18:23 | ERROR    | STDERR | ^
2025-10-14 21:18:23 | ERROR    | STDERR | ^
2025-10-14 21:18:23 | ERROR    | STDERR | ^
2025-10-14 21:18:23 | ERROR    | STDERR | ^
2025-10-14 21:18:23 | ERROR    | STDERR | ^
2025-10-14 21:18:23 | ERROR    | STDERR | ^
2025-10-14 21:18:23 | ERROR    | STDERR | ^
2025-10-14 21:18:23 | ERROR    | STDERR | ^
2025-10-14 21:18:23 | ERROR    | STDERR | ^
2025-10-14 21:18:23 | ERROR    | STDERR | ^
2025-10-14 21:18:23 | ERROR    | STDERR | ^
2025-10-14 21:18:23 | ERROR    | STDERR | ^
2025-10-14 21:18:23 | ERROR    | STDERR | ^
2025-10-14 21:18:23 | ERROR    | STDERR | ^
2025-10-14 21:18:23 | ERROR    | STDERR | ^
2025-10-14 21:18:23 | ERROR    | STDERR | ^
2025-10-14 21:18:23 | ERROR    | STDERR | ^
2025-10-14 21:18:23 | ERROR    | STDERR | ^
2025-10-14 21:18:23 | ERROR    | STDERR | ^
2025-10-14 21:18:23 | ERROR    | STDERR | ^
2025-10-14 21:18:23 | ERROR    | STDERR | ^
2025-10-14 21:18:23 | ERROR    | STDERR | ^
2025-10-14 21:18:23 | ERROR    | STDERR | ^
2025-10-14 21:18:23 | ERROR    | STDERR | ^
2025-10-14 21:18:23 | ERROR    | STDERR | ^
2025-10-14 21:18:23 | ERROR    | STDERR | ^
2025-10-14 21:18:23 | ERROR    | STDERR | ^
2025-10-14 21:18:23 | ERROR    | STDERR | ^
2025-10-14 21:18:23 | ERROR    | STDERR | ^
2025-10-14 21:18:23 | ERROR    | STDERR | ^
2025-10-14 21:18:23 | ERROR    | STDERR | ^
2025-10-14 21:18:23 | ERROR    | STDERR | ^
2025-10-14 21:18:23 | ERROR    | STDERR | ^
2025-10-14 21:18:23 | ERROR    | STDERR | ^
2025-10-14 21:18:23 | ERROR    | STDERR | ^
2025-10-14 21:18:23 | ERROR    | STDERR | ^
2025-10-14 21:18:23 | ERROR    | STDERR | ^
2025-10-14 21:18:23 | ERROR    | STDERR | ^
2025-10-14 21:18:23 | ERROR    | STDERR | ^
2025-10-14 21:18:23 | ERROR    | STDERR | ^
2025-10-14 21:18:23 | ERROR    | STDERR | ^
2025-10-14 21:18:23 | ERROR    | STDERR | ^
2025-10-14 21:18:23 | ERROR    | STDERR | ^
2025-10-14 21:18:23 | ERROR    | STDERR | ^
2025-10-14 21:18:23 | ERROR    | STDERR | ^
2025-10-14 21:18:23 | ERROR    | STDERR | ^
2025-10-14 21:18:23 | ERROR    | STDERR | ^
2025-10-14 21:18:23 | ERROR    | STDERR | ^
2025-10-14 21:18:23 | ERROR    | STDERR | ^
2025-10-14 21:18:23 | ERROR    | STDERR | ^
2025-10-14 21:18:23 | ERROR    | STDERR | ^
2025-10-14 21:18:23 | ERROR    | STDERR | ^
2025-10-14 21:18:23 | ERROR    | STDERR | ^
2025-10-14 21:18:23 | ERROR    | STDERR | ^
2025-10-14 21:18:23 | ERROR    | STDERR | ^
2025-10-14 21:18:23 | ERROR    | STDERR | ^
2025-10-14 21:18:23 | ERROR    | STDERR | ^
2025-10-14 21:18:23 | ERROR    | STDERR | ^
2025-10-14 21:18:23 | ERROR    | STDERR | ^
2025-10-14 21:18:23 | ERROR    | STDERR | ^
2025-10-14 21:18:23 | ERROR    | STDERR | ^
2025-10-14 21:18:23 | ERROR    | STDERR | ^
2025-10-14 21:18:23 | ERROR    | STDERR | ^
2025-10-14 21:18:23 | ERROR    | STDERR | ^
2025-10-14 21:18:23 | ERROR    | STDERR | ^
2025-10-14 21:18:23 | ERROR    | STDERR |   File "/home/marko/anaconda3/lib/python3.12/subprocess.py", line 550, in run
2025-10-14 21:18:23 | ERROR    | STDERR | stdout, stderr = process.communicate(input, timeout=timeout)
2025-10-14 21:18:23 | ERROR    | STDERR | ^
2025-10-14 21:18:23 | ERROR    | STDERR | ^
2025-10-14 21:18:23 | ERROR    | STDERR | ^
2025-10-14 21:18:23 | ERROR    | STDERR | ^
2025-10-14 21:18:23 | ERROR    | STDERR | ^
2025-10-14 21:18:23 | ERROR    | STDERR | ^
2025-10-14 21:18:23 | ERROR    | STDERR | ^
2025-10-14 21:18:23 | ERROR    | STDERR | ^
2025-10-14 21:18:23 | ERROR    | STDERR | ^
2025-10-14 21:18:23 | ERROR    | STDERR | ^
2025-10-14 21:18:23 | ERROR    | STDERR | ^
2025-10-14 21:18:23 | ERROR    | STDERR | ^
2025-10-14 21:18:23 | ERROR    | STDERR | ^
2025-10-14 21:18:23 | ERROR    | STDERR | ^
2025-10-14 21:18:23 | ERROR    | STDERR | ^
2025-10-14 21:18:23 | ERROR    | STDERR | ^
2025-10-14 21:18:23 | ERROR    | STDERR | ^
2025-10-14 21:18:23 | ERROR    | STDERR | ^
2025-10-14 21:18:23 | ERROR    | STDERR | ^
2025-10-14 21:18:23 | ERROR    | STDERR | ^
2025-10-14 21:18:23 | ERROR    | STDERR | ^
2025-10-14 21:18:23 | ERROR    | STDERR | ^
2025-10-14 21:18:23 | ERROR    | STDERR | ^
2025-10-14 21:18:23 | ERROR    | STDERR | ^
2025-10-14 21:18:23 | ERROR    | STDERR | ^
2025-10-14 21:18:23 | ERROR    | STDERR | ^
2025-10-14 21:18:23 | ERROR    | STDERR | ^
2025-10-14 21:18:23 | ERROR    | STDERR | ^
2025-10-14 21:18:23 | ERROR    | STDERR | ^
2025-10-14 21:18:23 | ERROR    | STDERR | ^
2025-10-14 21:18:23 | ERROR    | STDERR | ^
2025-10-14 21:18:23 | ERROR    | STDERR | ^
2025-10-14 21:18:23 | ERROR    | STDERR | ^
2025-10-14 21:18:23 | ERROR    | STDERR | ^
2025-10-14 21:18:23 | ERROR    | STDERR | ^
2025-10-14 21:18:23 | ERROR    | STDERR | ^
2025-10-14 21:18:23 | ERROR    | STDERR | ^
2025-10-14 21:18:23 | ERROR    | STDERR | ^
2025-10-14 21:18:23 | ERROR    | STDERR | ^
2025-10-14 21:18:23 | ERROR    | STDERR | ^
2025-10-14 21:18:23 | ERROR    | STDERR | ^
2025-10-14 21:18:23 | ERROR    | STDERR | ^
2025-10-14 21:18:23 | ERROR    | STDERR | ^
2025-10-14 21:18:23 | ERROR    | STDERR |   File "/home/marko/anaconda3/lib/python3.12/subprocess.py", line 1201, in communicate
2025-10-14 21:18:23 | ERROR    | STDERR | self.wait()
2025-10-14 21:18:23 | ERROR    | STDERR |   File "/home/marko/anaconda3/lib/python3.12/subprocess.py", line 1277, in wait
2025-10-14 21:18:23 | ERROR    | STDERR | self._wait(timeout=sigint_timeout)
2025-10-14 21:18:23 | ERROR    | STDERR |   File "/home/marko/anaconda3/lib/python3.12/subprocess.py", line 2045, in _wait
2025-10-14 21:18:23 | ERROR    | STDERR | time.sleep(delay)
2025-10-14 21:18:23 | ERROR    | STDERR | KeyboardInterrupt
2025-10-14 21:18:23 | ERROR    | STDERR | Exception ignored in:
2025-10-14 21:18:23 | ERROR    | STDERR | <module 'threading' from '/home/marko/anaconda3/lib/python3.12/threading.py'>
2025-10-14 21:18:23 | ERROR    | STDERR | Traceback (most recent call last):
2025-10-14 21:18:23 | ERROR    | STDERR |   File "/home/marko/anaconda3/lib/python3.12/threading.py", line 1622, in _shutdown
2025-10-14 21:18:23 | ERROR    | STDERR | lock.acquire()
2025-10-14 21:18:23 | ERROR    | STDERR | KeyboardInterrupt
2025-10-14 21:18:23 | ERROR    | STDERR | :
